<?xml version="1.0" encoding="UTF-8"?>
<!-- Generated by org.testng.reporters.JUnitXMLReporter -->
<testsuite ignored="0" hostname="DESKTOP-NVTCI68" failures="0" tests="3" name="Default test" time="3.684" errors="0" timestamp="07 Oct 2021 05:29:58 GMT">
  <testcase classname="com.org.demo.tests.APITest" name="verifyWithValidURLApiIsWorking" time="2.138"/>
  <testcase classname="com.org.demo.tests.APITest" name="verifyWithValidURLSuccessInResponse" time="0.785"/>
  <testcase classname="com.org.demo.tests.APITest" name="verifyWithinValidURLApi" time="0.732"/>
</testsuite> <!-- Default test -->
