<?xml version="1.0" encoding="UTF-8"?>
<testng-results ignored="0" total="3" passed="3" failed="0" skipped="0">
  <reporter-output>
  </reporter-output>
  <suite started-at="2021-10-07T05:29:54Z" name="Default suite" finished-at="2021-10-07T05:29:58Z" duration-ms="3684">
    <groups>
    </groups>
    <test started-at="2021-10-07T05:29:54Z" name="Default test" finished-at="2021-10-07T05:29:58Z" duration-ms="3684">
      <class name="com.org.demo.tests.APITest">
        <test-method signature="verifyWithValidURLApiIsWorking()[pri:0, instance:com.org.demo.tests.APITest@20ca951f]" started-at="2021-10-07T05:29:54Z" name="verifyWithValidURLApiIsWorking" finished-at="2021-10-07T05:29:56Z" duration-ms="2138" status="PASS">
          <reporter-output>
          </reporter-output>
        </test-method> <!-- verifyWithValidURLApiIsWorking -->
        <test-method signature="verifyWithValidURLSuccessInResponse()[pri:0, instance:com.org.demo.tests.APITest@20ca951f]" started-at="2021-10-07T05:29:56Z" name="verifyWithValidURLSuccessInResponse" finished-at="2021-10-07T05:29:57Z" duration-ms="785" status="PASS">
          <reporter-output>
          </reporter-output>
        </test-method> <!-- verifyWithValidURLSuccessInResponse -->
        <test-method signature="verifyWithinValidURLApi()[pri:0, instance:com.org.demo.tests.APITest@20ca951f]" started-at="2021-10-07T05:29:57Z" name="verifyWithinValidURLApi" finished-at="2021-10-07T05:29:58Z" duration-ms="732" status="PASS">
          <reporter-output>
          </reporter-output>
        </test-method> <!-- verifyWithinValidURLApi -->
      </class> <!-- com.org.demo.tests.APITest -->
    </test> <!-- Default test -->
  </suite> <!-- Default suite -->
</testng-results>
